Using pre-set license
Built from '2020.3/staging' branch; Version is '2020.3.8f1 (507919d4fff5) revision 5273881'; Using compiler version '192528614'; Build Type 'Release'
OS: 'Windows 10 Pro; OS build 19042.1165; Version 2009; 64bit' Language: 'es' Physical Memory: 16332 MB
BatchMode: 1, IsHumanControllingUs: 0, StartBugReporterOnCrash: 0, Is64bit: 1, IsPro: 0

 COMMAND LINE ARGUMENTS:
C:\Program Files\Unity\Hub\Editor\Editor\Unity.exe
-adb2
-batchMode
-noUpm
-name
AssetImportWorker0
-projectPath
D:/.Proyectos/UnityProyectos/Juego Conejo
-logFile
Logs/AssetImportWorker0.log
-srvPort
57781
Successfully changed project path to: D:/.Proyectos/UnityProyectos/Juego Conejo
D:/.Proyectos/UnityProyectos/Juego Conejo
Using Asset Import Pipeline V2.
Refreshing native plugins compatible for Editor in 38.11 ms, found 1 plugins.
Preloading 0 native plugins for Editor in 0.00 ms.
Initialize engine version: 2020.3.8f1 (507919d4fff5)
[Subsystems] Discovering subsystems at path C:/Program Files/Unity/Hub/Editor/Editor/Data/Resources/UnitySubsystems
[Subsystems] Discovering subsystems at path D:/.Proyectos/UnityProyectos/Juego Conejo/Assets
GfxDevice: creating device client; threaded=0
Direct3D:
    Version:  Direct3D 11.0 [level 11.1]
    Renderer: NVIDIA GeForce GTX 1660 SUPER (ID=0x21c4)
    Vendor:   
    VRAM:     5991 MB
    Driver:   30.0.14.7168
Initialize mono
Mono path[0] = 'C:/Program Files/Unity/Hub/Editor/Editor/Data/Managed'
Mono path[1] = 'C:/Program Files/Unity/Hub/Editor/Editor/Data/MonoBleedingEdge/lib/mono/unityjit'
Mono config path = 'C:/Program Files/Unity/Hub/Editor/Editor/Data/MonoBleedingEdge/etc'
Using monoOptions --debugger-agent=transport=dt_socket,embedding=1,server=y,suspend=n,address=127.0.0.1:56192
Begin MonoManager ReloadAssembly
Registering precompiled unity dll's ...
Register platform support module: C:/Program Files/Unity/Hub/Editor/Editor/Data/PlaybackEngines/WindowsStandaloneSupport/UnityEditor.WindowsStandalone.Extensions.dll
Registered in 0.003235 seconds.
Native extension for WindowsStandalone target not found
Refreshing native plugins compatible for Editor in 37.39 ms, found 1 plugins.
Preloading 0 native plugins for Editor in 0.00 ms.
Mono: successfully reloaded assembly
- Completed reload, in  1.296 seconds
Platform modules already initialized, skipping
Registering precompiled user dll's ...
Registered in 0.001324 seconds.
Begin MonoManager ReloadAssembly
Native extension for WindowsStandalone target not found
Refreshing native plugins compatible for Editor in 42.84 ms, found 1 plugins.
Preloading 0 native plugins for Editor in 0.00 ms.
Mono: successfully reloaded assembly
- Completed reload, in  1.027 seconds
Platform modules already initialized, skipping
========================================================================
Worker process is ready to serve import requests
Launched and connected shader compiler UnityShaderCompiler.exe after 0.06 seconds
Refreshing native plugins compatible for Editor in 0.36 ms, found 1 plugins.
Preloading 0 native plugins for Editor in 0.00 ms.
Unloading 1812 Unused Serialized files (Serialized files now loaded: 0)
System memory in use before: 85.0 MB.
System memory in use after: 84.9 MB.

Unloading 24 unused Assets to reduce memory usage. Loaded Objects now: 2254.
Total: 2.008300 ms (FindLiveObjects: 0.184800 ms CreateObjectMapping: 0.041900 ms MarkObjects: 1.652700 ms  DeleteObjects: 0.127500 ms)

========================================================================
Received Import Request.
  path: Assets/Prefabs/SimpleLevelBlock.prefab
  artifactKey: Guid(cb0d2c6f4f6b14fcc90da94309fb9a75) Importer(815301076,1909f56bfc062723c751e8b465ee728b)
Start importing Assets/Prefabs/SimpleLevelBlock.prefab using Guid(cb0d2c6f4f6b14fcc90da94309fb9a75) Importer(815301076,1909f56bfc062723c751e8b465ee728b)  -> (artifact id: '8234750184edf8e94f25d5a5e4f672b4') in 0.105626 seconds
  Import took 0.120944 seconds .

========================================================================
Received Import Request.
  Time since last request: 75.999652 seconds.
  path: Assets/Scripts/ExitPoint.cs
  artifactKey: Guid(11b3ea1c39e84044a89e16a9402ce287) Importer(815301076,1909f56bfc062723c751e8b465ee728b)
Start importing Assets/Scripts/ExitPoint.cs using Guid(11b3ea1c39e84044a89e16a9402ce287) Importer(815301076,1909f56bfc062723c751e8b465ee728b)  -> (artifact id: '8440502d79ce5a3ec9ee724365c708d3') in 0.012001 seconds
  Import took 0.015263 seconds .

========================================================================
Received Prepare
Registering precompiled user dll's ...
Registered in 0.001390 seconds.
Begin MonoManager ReloadAssembly
Native extension for WindowsStandalone target not found
Refreshing native plugins compatible for Editor in 0.38 ms, found 1 plugins.
Preloading 0 native plugins for Editor in 0.00 ms.
Mono: successfully reloaded assembly
- Completed reload, in  0.946 seconds
Platform modules already initialized, skipping
Switching build target platform(5) subTarget(0) extendedPlatform(0) -> platform(13) subTarget(537395200) extendedPlatform(0)
Refreshing native plugins compatible for Editor in 0.37 ms, found 1 plugins.
Preloading 0 native plugins for Editor in 0.00 ms.
Unloading 1811 Unused Serialized files (Serialized files now loaded: 0)
System memory in use before: 88.1 MB.
System memory in use after: 88.1 MB.

Unloading 12 unused Assets to reduce memory usage. Loaded Objects now: 2266.
Total: 1.956100 ms (FindLiveObjects: 0.181400 ms CreateObjectMapping: 0.042100 ms MarkObjects: 1.623400 ms  DeleteObjects: 0.107900 ms)

AssetImportParameters requested are different than current active one (requested -> active):
  custom:graphics/normal-map-encoding: 01000000000000000000000000000000 -> 02000000000000000000000000000000
========================================================================
Received Prepare
Registering precompiled user dll's ...
Registered in 0.001337 seconds.
Begin MonoManager ReloadAssembly
Native extension for WindowsStandalone target not found
Refreshing native plugins compatible for Editor in 0.37 ms, found 1 plugins.
Preloading 0 native plugins for Editor in 0.00 ms.
Mono: successfully reloaded assembly
- Completed reload, in  0.937 seconds
Platform modules already initialized, skipping
Switching build target platform(5) subTarget(0) extendedPlatform(0) -> platform(13) subTarget(537395200) extendedPlatform(0)
Refreshing native plugins compatible for Editor in 0.37 ms, found 1 plugins.
Preloading 0 native plugins for Editor in 0.00 ms.
Unloading 1811 Unused Serialized files (Serialized files now loaded: 0)
System memory in use before: 88.1 MB.
System memory in use after: 88.1 MB.

Unloading 12 unused Assets to reduce memory usage. Loaded Objects now: 2270.
Total: 2.045900 ms (FindLiveObjects: 0.176300 ms CreateObjectMapping: 0.041700 ms MarkObjects: 1.712900 ms  DeleteObjects: 0.113900 ms)

AssetImportParameters requested are different than current active one (requested -> active):
  custom:graphics/normal-map-encoding: 01000000000000000000000000000000 -> 02000000000000000000000000000000
